<?xml version="1.0" encoding="UTF-8"?>
<testsuite name="com.bookin.bookin.dao.UserDaoTest" tests="2" skipped="0" failures="0" errors="0" timestamp="2023-02-20T06:36:16" hostname="IN2771" time="0.145">
  <properties/>
  <testcase name="testAddUser()" classname="com.bookin.bookin.dao.UserDaoTest" time="0.133"/>
  <testcase name="testFindByUsername()" classname="com.bookin.bookin.dao.UserDaoTest" time="0.011"/>
  <system-out><![CDATA[]]></system-out>
  <system-err><![CDATA[]]></system-err>
</testsuite>
