<?xml version="1.0" encoding="UTF-8"?>
<testsuite name="com.bookin.bookin.controller.GoogleBooksControllerTest" tests="1" skipped="0" failures="0" errors="0" timestamp="2023-02-15T22:18:46" hostname="IN2771" time="0.031">
  <properties/>
  <testcase name="testGetgooglebooks()" classname="com.bookin.bookin.controller.GoogleBooksControllerTest" time="0.031"/>
  <system-out><![CDATA[03:48:46.498 [Test worker] DEBUG org.springframework.test.context.BootstrapUtils - Instantiating CacheAwareContextLoaderDelegate from class [org.springframework.test.context.cache.DefaultCacheAwareContextLoaderDelegate]
03:48:46.498 [Test worker] DEBUG org.springframework.test.context.BootstrapUtils - Instantiating BootstrapContext using constructor [public org.springframework.test.context.support.DefaultBootstrapContext(java.lang.Class,org.springframework.test.context.CacheAwareContextLoaderDelegate)]
03:48:46.499 [Test worker] DEBUG org.springframework.test.context.BootstrapUtils - Instantiating TestContextBootstrapper for test class [com.bookin.bookin.controller.GoogleBooksControllerTest] from class [org.springframework.test.context.support.DefaultTestContextBootstrapper]
03:48:46.499 [Test worker] DEBUG org.springframework.test.context.support.AbstractDelegatingSmartContextLoader - Delegating to AnnotationConfigContextLoader to process context configuration [ContextConfigurationAttributes@7c71c889 declaringClass = 'com.bookin.bookin.controller.GoogleBooksControllerTest', classes = '{class com.bookin.bookin.controller.GoogleBooksController}', locations = '{}', inheritLocations = true, initializers = '{}', inheritInitializers = true, name = [null], contextLoaderClass = 'org.springframework.test.context.ContextLoader'].
03:48:46.503 [Test worker] DEBUG org.springframework.test.context.support.ActiveProfilesUtils - Could not find an 'annotation declaring class' for annotation type [org.springframework.test.context.ActiveProfiles] and class [com.bookin.bookin.controller.GoogleBooksControllerTest]
03:48:46.503 [Test worker] DEBUG org.springframework.test.context.support.DefaultTestContextBootstrapper - @TestExecutionListeners is not present for class [com.bookin.bookin.controller.GoogleBooksControllerTest]: using defaults.
03:48:46.503 [Test worker] INFO org.springframework.test.context.support.DefaultTestContextBootstrapper - Loaded default TestExecutionListener class names from location [META-INF/spring.factories]: [org.springframework.security.test.context.support.WithSecurityContextTestExecutionListener, org.springframework.security.test.context.support.ReactorContextTestExecutionListener, org.springframework.boot.test.autoconfigure.restdocs.RestDocsTestExecutionListener, org.springframework.boot.test.autoconfigure.web.client.MockRestServiceServerResetTestExecutionListener, org.springframework.boot.test.autoconfigure.web.servlet.MockMvcPrintOnlyOnFailureTestExecutionListener, org.springframework.boot.test.autoconfigure.web.servlet.WebDriverTestExecutionListener, org.springframework.boot.test.autoconfigure.webservices.client.MockWebServiceServerTestExecutionListener, org.springframework.boot.test.mock.mockito.MockitoTestExecutionListener, org.springframework.boot.test.mock.mockito.ResetMocksTestExecutionListener, org.springframework.test.context.web.ServletTestExecutionListener, org.springframework.test.context.support.DirtiesContextBeforeModesTestExecutionListener, org.springframework.test.context.event.ApplicationEventsTestExecutionListener, org.springframework.test.context.support.DependencyInjectionTestExecutionListener, org.springframework.test.context.support.DirtiesContextTestExecutionListener, org.springframework.test.context.transaction.TransactionalTestExecutionListener, org.springframework.test.context.jdbc.SqlScriptsTestExecutionListener, org.springframework.test.context.event.EventPublishingTestExecutionListener]
03:48:46.504 [Test worker] INFO org.springframework.test.context.support.DefaultTestContextBootstrapper - Using TestExecutionListeners: [org.springframework.test.context.web.ServletTestExecutionListener@7d7ceca8, org.springframework.test.context.support.DirtiesContextBeforeModesTestExecutionListener@2bba35ef, org.springframework.test.context.event.ApplicationEventsTestExecutionListener@26c7b1c6, org.springframework.boot.test.mock.mockito.MockitoTestExecutionListener@19526f1d, org.springframework.test.context.support.DependencyInjectionTestExecutionListener@3d1c933, org.springframework.test.context.support.DirtiesContextTestExecutionListener@79be91eb, org.springframework.test.context.transaction.TransactionalTestExecutionListener@626c569b, org.springframework.test.context.jdbc.SqlScriptsTestExecutionListener@684ce74c, org.springframework.security.test.context.support.WithSecurityContextTestExecutionListener@65593327, org.springframework.test.context.event.EventPublishingTestExecutionListener@68e5c7ae, org.springframework.security.test.context.support.ReactorContextTestExecutionListener@68bd8ca7, org.springframework.boot.test.autoconfigure.restdocs.RestDocsTestExecutionListener@6744707b, org.springframework.boot.test.autoconfigure.web.client.MockRestServiceServerResetTestExecutionListener@4b28a7bf, org.springframework.boot.test.autoconfigure.web.servlet.MockMvcPrintOnlyOnFailureTestExecutionListener@d36c1c3, org.springframework.boot.test.autoconfigure.web.servlet.WebDriverTestExecutionListener@96abc76, org.springframework.boot.test.autoconfigure.webservices.client.MockWebServiceServerTestExecutionListener@4d69d288, org.springframework.boot.test.mock.mockito.ResetMocksTestExecutionListener@437281c5]
03:48:46.504 [Test worker] DEBUG org.springframework.test.context.support.AbstractDirtiesContextTestExecutionListener - Before test class: context [DefaultTestContext@787178b1 testClass = GoogleBooksControllerTest, testInstance = [null], testMethod = [null], testException = [null], mergedContextConfiguration = [MergedContextConfiguration@24a4e2c5 testClass = GoogleBooksControllerTest, locations = '{}', classes = '{class com.bookin.bookin.controller.GoogleBooksController}', contextInitializerClasses = '[]', activeProfiles = '{}', propertySourceLocations = '{}', propertySourceProperties = '{}', contextCustomizers = set[org.springframework.boot.test.autoconfigure.actuate.metrics.MetricsExportContextCustomizerFactory$DisableMetricExportContextCustomizer@2f508f3c, org.springframework.boot.test.autoconfigure.properties.PropertyMappingContextCustomizer@0, org.springframework.boot.test.autoconfigure.web.servlet.WebDriverContextCustomizerFactory$Customizer@7a0f244f, org.springframework.boot.test.context.filter.ExcludeFilterContextCustomizer@2330e3e0, org.springframework.boot.test.json.DuplicateJsonObjectContextCustomizerFactory$DuplicateJsonObjectContextCustomizer@72725ee1, org.springframework.boot.test.mock.mockito.MockitoContextCustomizer@d93beefc], contextLoader = 'org.springframework.test.context.support.DelegatingSmartContextLoader', parent = [null]], attributes = map[[empty]]], class annotated with @DirtiesContext [false] with mode [null].
03:48:46.505 [Test worker] DEBUG org.springframework.test.context.support.AbstractDelegatingSmartContextLoader - Delegating to AnnotationConfigContextLoader to load context from [MergedContextConfiguration@24a4e2c5 testClass = GoogleBooksControllerTest, locations = '{}', classes = '{class com.bookin.bookin.controller.GoogleBooksController}', contextInitializerClasses = '[]', activeProfiles = '{}', propertySourceLocations = '{}', propertySourceProperties = '{}', contextCustomizers = set[org.springframework.boot.test.autoconfigure.actuate.metrics.MetricsExportContextCustomizerFactory$DisableMetricExportContextCustomizer@2f508f3c, org.springframework.boot.test.autoconfigure.properties.PropertyMappingContextCustomizer@0, org.springframework.boot.test.autoconfigure.web.servlet.WebDriverContextCustomizerFactory$Customizer@7a0f244f, org.springframework.boot.test.context.filter.ExcludeFilterContextCustomizer@2330e3e0, org.springframework.boot.test.json.DuplicateJsonObjectContextCustomizerFactory$DuplicateJsonObjectContextCustomizer@72725ee1, org.springframework.boot.test.mock.mockito.MockitoContextCustomizer@d93beefc], contextLoader = 'org.springframework.test.context.support.DelegatingSmartContextLoader', parent = [null]].
03:48:46.505 [Test worker] DEBUG org.springframework.test.context.support.AbstractGenericContextLoader - Loading ApplicationContext for merged context configuration [[MergedContextConfiguration@24a4e2c5 testClass = GoogleBooksControllerTest, locations = '{}', classes = '{class com.bookin.bookin.controller.GoogleBooksController}', contextInitializerClasses = '[]', activeProfiles = '{}', propertySourceLocations = '{}', propertySourceProperties = '{}', contextCustomizers = set[org.springframework.boot.test.autoconfigure.actuate.metrics.MetricsExportContextCustomizerFactory$DisableMetricExportContextCustomizer@2f508f3c, org.springframework.boot.test.autoconfigure.properties.PropertyMappingContextCustomizer@0, org.springframework.boot.test.autoconfigure.web.servlet.WebDriverContextCustomizerFactory$Customizer@7a0f244f, org.springframework.boot.test.context.filter.ExcludeFilterContextCustomizer@2330e3e0, org.springframework.boot.test.json.DuplicateJsonObjectContextCustomizerFactory$DuplicateJsonObjectContextCustomizer@72725ee1, org.springframework.boot.test.mock.mockito.MockitoContextCustomizer@d93beefc], contextLoader = 'org.springframework.test.context.support.DelegatingSmartContextLoader', parent = [null]]].
03:48:46.505 [Test worker] DEBUG org.springframework.core.env.StandardEnvironment - Activating profiles []
03:48:46.506 [Test worker] DEBUG org.springframework.test.context.support.AnnotationConfigContextLoader - Registering component classes: {class com.bookin.bookin.controller.GoogleBooksController}
03:48:46.508 [Test worker] DEBUG org.springframework.context.support.GenericApplicationContext - Refreshing org.springframework.context.support.GenericApplicationContext@27da994b
03:48:46.509 [Test worker] DEBUG org.springframework.beans.factory.support.DefaultListableBeanFactory - Creating shared instance of singleton bean 'org.springframework.context.annotation.internalConfigurationAnnotationProcessor'
03:48:46.511 [Test worker] DEBUG org.springframework.beans.factory.support.DefaultListableBeanFactory - Creating shared instance of singleton bean 'org.springframework.boot.test.mock.mockito.MockitoPostProcessor'
03:48:46.625 [Test worker] DEBUG org.springframework.beans.factory.support.DefaultListableBeanFactory - Creating shared instance of singleton bean 'org.springframework.context.event.internalEventListenerProcessor'
03:48:46.625 [Test worker] DEBUG org.springframework.beans.factory.support.DefaultListableBeanFactory - Creating shared instance of singleton bean 'org.springframework.context.event.internalEventListenerFactory'
03:48:46.625 [Test worker] DEBUG org.springframework.beans.factory.support.DefaultListableBeanFactory - Creating shared instance of singleton bean 'org.springframework.context.annotation.internalAutowiredAnnotationProcessor'
03:48:46.626 [Test worker] DEBUG org.springframework.beans.factory.support.DefaultListableBeanFactory - Creating shared instance of singleton bean 'org.springframework.context.annotation.internalCommonAnnotationProcessor'
03:48:46.626 [Test worker] DEBUG org.springframework.beans.factory.support.DefaultListableBeanFactory - Creating shared instance of singleton bean 'org.springframework.context.annotation.internalPersistenceAnnotationProcessor'
03:48:46.626 [Test worker] DEBUG org.springframework.beans.factory.support.DefaultListableBeanFactory - Creating shared instance of singleton bean 'org.springframework.boot.test.mock.mockito.MockitoPostProcessor$SpyPostProcessor'
03:48:46.627 [Test worker] DEBUG org.springframework.beans.factory.support.DefaultListableBeanFactory - Creating shared instance of singleton bean 'googleBooksController'
03:48:46.630 [Test worker] DEBUG org.springframework.test.context.cache.DefaultCacheAwareContextLoaderDelegate - Storing ApplicationContext [668637515] in cache under key [[MergedContextConfiguration@24a4e2c5 testClass = GoogleBooksControllerTest, locations = '{}', classes = '{class com.bookin.bookin.controller.GoogleBooksController}', contextInitializerClasses = '[]', activeProfiles = '{}', propertySourceLocations = '{}', propertySourceProperties = '{}', contextCustomizers = set[org.springframework.boot.test.autoconfigure.actuate.metrics.MetricsExportContextCustomizerFactory$DisableMetricExportContextCustomizer@2f508f3c, org.springframework.boot.test.autoconfigure.properties.PropertyMappingContextCustomizer@0, org.springframework.boot.test.autoconfigure.web.servlet.WebDriverContextCustomizerFactory$Customizer@7a0f244f, org.springframework.boot.test.context.filter.ExcludeFilterContextCustomizer@2330e3e0, org.springframework.boot.test.json.DuplicateJsonObjectContextCustomizerFactory$DuplicateJsonObjectContextCustomizer@72725ee1, org.springframework.boot.test.mock.mockito.MockitoContextCustomizer@d93beefc], contextLoader = 'org.springframework.test.context.support.DelegatingSmartContextLoader', parent = [null]]]
03:48:46.630 [Test worker] DEBUG org.springframework.test.context.cache - Spring test ApplicationContext cache statistics: [DefaultContextCache@6af91cc8 size = 2, maxSize = 32, parentContextCount = 0, hitCount = 2, missCount = 2]
03:48:46.631 [Test worker] DEBUG org.springframework.test.context.support.DependencyInjectionTestExecutionListener - Performing dependency injection for test context [[DefaultTestContext@787178b1 testClass = GoogleBooksControllerTest, testInstance = com.bookin.bookin.controller.GoogleBooksControllerTest@15994b0b, testMethod = [null], testException = [null], mergedContextConfiguration = [MergedContextConfiguration@24a4e2c5 testClass = GoogleBooksControllerTest, locations = '{}', classes = '{class com.bookin.bookin.controller.GoogleBooksController}', contextInitializerClasses = '[]', activeProfiles = '{}', propertySourceLocations = '{}', propertySourceProperties = '{}', contextCustomizers = set[org.springframework.boot.test.autoconfigure.actuate.metrics.MetricsExportContextCustomizerFactory$DisableMetricExportContextCustomizer@2f508f3c, org.springframework.boot.test.autoconfigure.properties.PropertyMappingContextCustomizer@0, org.springframework.boot.test.autoconfigure.web.servlet.WebDriverContextCustomizerFactory$Customizer@7a0f244f, org.springframework.boot.test.context.filter.ExcludeFilterContextCustomizer@2330e3e0, org.springframework.boot.test.json.DuplicateJsonObjectContextCustomizerFactory$DuplicateJsonObjectContextCustomizer@72725ee1, org.springframework.boot.test.mock.mockito.MockitoContextCustomizer@d93beefc], contextLoader = 'org.springframework.test.context.support.DelegatingSmartContextLoader', parent = [null]], attributes = map['org.springframework.test.context.event.ApplicationEventsTestExecutionListener.recordApplicationEvents' -> false]]].
03:48:46.632 [Test worker] DEBUG org.springframework.test.context.cache.DefaultCacheAwareContextLoaderDelegate - Retrieved ApplicationContext [668637515] from cache with key [[MergedContextConfiguration@24a4e2c5 testClass = GoogleBooksControllerTest, locations = '{}', classes = '{class com.bookin.bookin.controller.GoogleBooksController}', contextInitializerClasses = '[]', activeProfiles = '{}', propertySourceLocations = '{}', propertySourceProperties = '{}', contextCustomizers = set[org.springframework.boot.test.autoconfigure.actuate.metrics.MetricsExportContextCustomizerFactory$DisableMetricExportContextCustomizer@2f508f3c, org.springframework.boot.test.autoconfigure.properties.PropertyMappingContextCustomizer@0, org.springframework.boot.test.autoconfigure.web.servlet.WebDriverContextCustomizerFactory$Customizer@7a0f244f, org.springframework.boot.test.context.filter.ExcludeFilterContextCustomizer@2330e3e0, org.springframework.boot.test.json.DuplicateJsonObjectContextCustomizerFactory$DuplicateJsonObjectContextCustomizer@72725ee1, org.springframework.boot.test.mock.mockito.MockitoContextCustomizer@d93beefc], contextLoader = 'org.springframework.test.context.support.DelegatingSmartContextLoader', parent = [null]]]
03:48:46.632 [Test worker] DEBUG org.springframework.test.context.cache - Spring test ApplicationContext cache statistics: [DefaultContextCache@6af91cc8 size = 2, maxSize = 32, parentContextCount = 0, hitCount = 3, missCount = 2]
03:48:46.634 [Test worker] DEBUG org.springframework.test.context.cache.DefaultCacheAwareContextLoaderDelegate - Retrieved ApplicationContext [668637515] from cache with key [[MergedContextConfiguration@24a4e2c5 testClass = GoogleBooksControllerTest, locations = '{}', classes = '{class com.bookin.bookin.controller.GoogleBooksController}', contextInitializerClasses = '[]', activeProfiles = '{}', propertySourceLocations = '{}', propertySourceProperties = '{}', contextCustomizers = set[org.springframework.boot.test.autoconfigure.actuate.metrics.MetricsExportContextCustomizerFactory$DisableMetricExportContextCustomizer@2f508f3c, org.springframework.boot.test.autoconfigure.properties.PropertyMappingContextCustomizer@0, org.springframework.boot.test.autoconfigure.web.servlet.WebDriverContextCustomizerFactory$Customizer@7a0f244f, org.springframework.boot.test.context.filter.ExcludeFilterContextCustomizer@2330e3e0, org.springframework.boot.test.json.DuplicateJsonObjectContextCustomizerFactory$DuplicateJsonObjectContextCustomizer@72725ee1, org.springframework.boot.test.mock.mockito.MockitoContextCustomizer@d93beefc], contextLoader = 'org.springframework.test.context.support.DelegatingSmartContextLoader', parent = [null]]]
03:48:46.634 [Test worker] DEBUG org.springframework.test.context.cache - Spring test ApplicationContext cache statistics: [DefaultContextCache@6af91cc8 size = 2, maxSize = 32, parentContextCount = 0, hitCount = 4, missCount = 2]
03:48:46.635 [Test worker] DEBUG org.springframework.test.context.support.AbstractDirtiesContextTestExecutionListener - Before test method: context [DefaultTestContext@787178b1 testClass = GoogleBooksControllerTest, testInstance = com.bookin.bookin.controller.GoogleBooksControllerTest@15994b0b, testMethod = testGetgooglebooks@GoogleBooksControllerTest, testException = [null], mergedContextConfiguration = [MergedContextConfiguration@24a4e2c5 testClass = GoogleBooksControllerTest, locations = '{}', classes = '{class com.bookin.bookin.controller.GoogleBooksController}', contextInitializerClasses = '[]', activeProfiles = '{}', propertySourceLocations = '{}', propertySourceProperties = '{}', contextCustomizers = set[org.springframework.boot.test.autoconfigure.actuate.metrics.MetricsExportContextCustomizerFactory$DisableMetricExportContextCustomizer@2f508f3c, org.springframework.boot.test.autoconfigure.properties.PropertyMappingContextCustomizer@0, org.springframework.boot.test.autoconfigure.web.servlet.WebDriverContextCustomizerFactory$Customizer@7a0f244f, org.springframework.boot.test.context.filter.ExcludeFilterContextCustomizer@2330e3e0, org.springframework.boot.test.json.DuplicateJsonObjectContextCustomizerFactory$DuplicateJsonObjectContextCustomizer@72725ee1, org.springframework.boot.test.mock.mockito.MockitoContextCustomizer@d93beefc], contextLoader = 'org.springframework.test.context.support.DelegatingSmartContextLoader', parent = [null]], attributes = map['org.springframework.test.context.event.ApplicationEventsTestExecutionListener.recordApplicationEvents' -> false]], class annotated with @DirtiesContext [false] with mode [null], method annotated with @DirtiesContext [false] with mode [null].
03:48:46.639 [Test worker] DEBUG org.springframework.test.context.cache.DefaultCacheAwareContextLoaderDelegate - Retrieved ApplicationContext [668637515] from cache with key [[MergedContextConfiguration@24a4e2c5 testClass = GoogleBooksControllerTest, locations = '{}', classes = '{class com.bookin.bookin.controller.GoogleBooksController}', contextInitializerClasses = '[]', activeProfiles = '{}', propertySourceLocations = '{}', propertySourceProperties = '{}', contextCustomizers = set[org.springframework.boot.test.autoconfigure.actuate.metrics.MetricsExportContextCustomizerFactory$DisableMetricExportContextCustomizer@2f508f3c, org.springframework.boot.test.autoconfigure.properties.PropertyMappingContextCustomizer@0, org.springframework.boot.test.autoconfigure.web.servlet.WebDriverContextCustomizerFactory$Customizer@7a0f244f, org.springframework.boot.test.context.filter.ExcludeFilterContextCustomizer@2330e3e0, org.springframework.boot.test.json.DuplicateJsonObjectContextCustomizerFactory$DuplicateJsonObjectContextCustomizer@72725ee1, org.springframework.boot.test.mock.mockito.MockitoContextCustomizer@d93beefc], contextLoader = 'org.springframework.test.context.support.DelegatingSmartContextLoader', parent = [null]]]
03:48:46.639 [Test worker] DEBUG org.springframework.test.context.cache - Spring test ApplicationContext cache statistics: [DefaultContextCache@6af91cc8 size = 2, maxSize = 32, parentContextCount = 0, hitCount = 5, missCount = 2]
03:48:46.644 [Test worker] DEBUG reactor.util.Loggers - Using Slf4j logging framework
03:48:46.645 [Test worker] DEBUG reactor.core.publisher.Hooks - Hooking onLastOperator: org.springframework.security.core.context.SecurityContext
03:48:46.646 [Test worker] DEBUG org.springframework.test.context.cache.DefaultCacheAwareContextLoaderDelegate - Retrieved ApplicationContext [668637515] from cache with key [[MergedContextConfiguration@24a4e2c5 testClass = GoogleBooksControllerTest, locations = '{}', classes = '{class com.bookin.bookin.controller.GoogleBooksController}', contextInitializerClasses = '[]', activeProfiles = '{}', propertySourceLocations = '{}', propertySourceProperties = '{}', contextCustomizers = set[org.springframework.boot.test.autoconfigure.actuate.metrics.MetricsExportContextCustomizerFactory$DisableMetricExportContextCustomizer@2f508f3c, org.springframework.boot.test.autoconfigure.properties.PropertyMappingContextCustomizer@0, org.springframework.boot.test.autoconfigure.web.servlet.WebDriverContextCustomizerFactory$Customizer@7a0f244f, org.springframework.boot.test.context.filter.ExcludeFilterContextCustomizer@2330e3e0, org.springframework.boot.test.json.DuplicateJsonObjectContextCustomizerFactory$DuplicateJsonObjectContextCustomizer@72725ee1, org.springframework.boot.test.mock.mockito.MockitoContextCustomizer@d93beefc], contextLoader = 'org.springframework.test.context.support.DelegatingSmartContextLoader', parent = [null]]]
03:48:46.646 [Test worker] DEBUG org.springframework.test.context.cache - Spring test ApplicationContext cache statistics: [DefaultContextCache@6af91cc8 size = 2, maxSize = 32, parentContextCount = 0, hitCount = 6, missCount = 2]
03:48:46.647 [Test worker] DEBUG org.springframework.test.context.cache.DefaultCacheAwareContextLoaderDelegate - Retrieved ApplicationContext [668637515] from cache with key [[MergedContextConfiguration@24a4e2c5 testClass = GoogleBooksControllerTest, locations = '{}', classes = '{class com.bookin.bookin.controller.GoogleBooksController}', contextInitializerClasses = '[]', activeProfiles = '{}', propertySourceLocations = '{}', propertySourceProperties = '{}', contextCustomizers = set[org.springframework.boot.test.autoconfigure.actuate.metrics.MetricsExportContextCustomizerFactory$DisableMetricExportContextCustomizer@2f508f3c, org.springframework.boot.test.autoconfigure.properties.PropertyMappingContextCustomizer@0, org.springframework.boot.test.autoconfigure.web.servlet.WebDriverContextCustomizerFactory$Customizer@7a0f244f, org.springframework.boot.test.context.filter.ExcludeFilterContextCustomizer@2330e3e0, org.springframework.boot.test.json.DuplicateJsonObjectContextCustomizerFactory$DuplicateJsonObjectContextCustomizer@72725ee1, org.springframework.boot.test.mock.mockito.MockitoContextCustomizer@d93beefc], contextLoader = 'org.springframework.test.context.support.DelegatingSmartContextLoader', parent = [null]]]
03:48:46.647 [Test worker] DEBUG org.springframework.test.context.cache - Spring test ApplicationContext cache statistics: [DefaultContextCache@6af91cc8 size = 2, maxSize = 32, parentContextCount = 0, hitCount = 7, missCount = 2]
03:48:46.651 [Test worker] DEBUG _org.springframework.web.servlet.HandlerMapping.Mappings - 
	c.b.b.c.GoogleBooksController:
	{ [/api/admin/googlebooks/{id}]}: getgooglebooks(String)
03:48:46.651 [Test worker] DEBUG org.springframework.web.servlet.mvc.method.annotation.RequestMappingHandlerMapping - 1 mappings in org.springframework.web.servlet.mvc.method.annotation.RequestMappingHandlerMapping
03:48:46.654 [Test worker] DEBUG org.springframework.web.servlet.mvc.method.annotation.RequestMappingHandlerAdapter - ControllerAdvice beans: 0 @ModelAttribute, 0 @InitBinder, 1 RequestBodyAdvice, 1 ResponseBodyAdvice
03:48:46.655 [Test worker] DEBUG org.springframework.web.servlet.mvc.method.annotation.ExceptionHandlerExceptionResolver - ControllerAdvice beans: 0 @ExceptionHandler, 1 ResponseBodyAdvice
03:48:46.655 [Test worker] INFO org.springframework.mock.web.MockServletContext - Initializing Spring TestDispatcherServlet ''
03:48:46.655 [Test worker] INFO org.springframework.test.web.servlet.TestDispatcherServlet - Initializing Servlet ''
03:48:46.655 [Test worker] DEBUG org.springframework.test.web.servlet.TestDispatcherServlet - Detected AcceptHeaderLocaleResolver
03:48:46.655 [Test worker] DEBUG org.springframework.test.web.servlet.TestDispatcherServlet - Detected FixedThemeResolver
03:48:46.655 [Test worker] DEBUG org.springframework.test.web.servlet.TestDispatcherServlet - Detected org.springframework.web.servlet.view.DefaultRequestToViewNameTranslator@4c5da4f9
03:48:46.655 [Test worker] DEBUG org.springframework.test.web.servlet.TestDispatcherServlet - Detected org.springframework.web.servlet.support.SessionFlashMapManager@ff0e6d4
03:48:46.655 [Test worker] DEBUG org.springframework.test.web.servlet.TestDispatcherServlet - enableLoggingRequestDetails='false': request parameters and headers will be masked to prevent unsafe logging of potentially sensitive data
03:48:46.655 [Test worker] INFO org.springframework.test.web.servlet.TestDispatcherServlet - Completed initialization in 0 ms
03:48:46.660 [Test worker] DEBUG org.springframework.test.web.servlet.TestDispatcherServlet - POST "/login", parameters={masked}
03:48:46.660 [Test worker] WARN org.springframework.web.servlet.PageNotFound - No mapping for POST /login
03:48:46.660 [Test worker] DEBUG org.springframework.test.web.servlet.TestDispatcherServlet - Completed 404 NOT_FOUND
03:48:46.661 [Test worker] DEBUG org.springframework.test.context.cache.DefaultCacheAwareContextLoaderDelegate - Retrieved ApplicationContext [668637515] from cache with key [[MergedContextConfiguration@24a4e2c5 testClass = GoogleBooksControllerTest, locations = '{}', classes = '{class com.bookin.bookin.controller.GoogleBooksController}', contextInitializerClasses = '[]', activeProfiles = '{}', propertySourceLocations = '{}', propertySourceProperties = '{}', contextCustomizers = set[org.springframework.boot.test.autoconfigure.actuate.metrics.MetricsExportContextCustomizerFactory$DisableMetricExportContextCustomizer@2f508f3c, org.springframework.boot.test.autoconfigure.properties.PropertyMappingContextCustomizer@0, org.springframework.boot.test.autoconfigure.web.servlet.WebDriverContextCustomizerFactory$Customizer@7a0f244f, org.springframework.boot.test.context.filter.ExcludeFilterContextCustomizer@2330e3e0, org.springframework.boot.test.json.DuplicateJsonObjectContextCustomizerFactory$DuplicateJsonObjectContextCustomizer@72725ee1, org.springframework.boot.test.mock.mockito.MockitoContextCustomizer@d93beefc], contextLoader = 'org.springframework.test.context.support.DelegatingSmartContextLoader', parent = [null]]]
03:48:46.661 [Test worker] DEBUG org.springframework.test.context.cache - Spring test ApplicationContext cache statistics: [DefaultContextCache@6af91cc8 size = 2, maxSize = 32, parentContextCount = 0, hitCount = 8, missCount = 2]
03:48:46.662 [Test worker] DEBUG org.springframework.test.context.cache.DefaultCacheAwareContextLoaderDelegate - Retrieved ApplicationContext [668637515] from cache with key [[MergedContextConfiguration@24a4e2c5 testClass = GoogleBooksControllerTest, locations = '{}', classes = '{class com.bookin.bookin.controller.GoogleBooksController}', contextInitializerClasses = '[]', activeProfiles = '{}', propertySourceLocations = '{}', propertySourceProperties = '{}', contextCustomizers = set[org.springframework.boot.test.autoconfigure.actuate.metrics.MetricsExportContextCustomizerFactory$DisableMetricExportContextCustomizer@2f508f3c, org.springframework.boot.test.autoconfigure.properties.PropertyMappingContextCustomizer@0, org.springframework.boot.test.autoconfigure.web.servlet.WebDriverContextCustomizerFactory$Customizer@7a0f244f, org.springframework.boot.test.context.filter.ExcludeFilterContextCustomizer@2330e3e0, org.springframework.boot.test.json.DuplicateJsonObjectContextCustomizerFactory$DuplicateJsonObjectContextCustomizer@72725ee1, org.springframework.boot.test.mock.mockito.MockitoContextCustomizer@d93beefc], contextLoader = 'org.springframework.test.context.support.DelegatingSmartContextLoader', parent = [null]]]
03:48:46.662 [Test worker] DEBUG org.springframework.test.context.cache - Spring test ApplicationContext cache statistics: [DefaultContextCache@6af91cc8 size = 2, maxSize = 32, parentContextCount = 0, hitCount = 9, missCount = 2]
03:48:46.662 [Test worker] DEBUG org.springframework.test.context.cache.DefaultCacheAwareContextLoaderDelegate - Retrieved ApplicationContext [668637515] from cache with key [[MergedContextConfiguration@24a4e2c5 testClass = GoogleBooksControllerTest, locations = '{}', classes = '{class com.bookin.bookin.controller.GoogleBooksController}', contextInitializerClasses = '[]', activeProfiles = '{}', propertySourceLocations = '{}', propertySourceProperties = '{}', contextCustomizers = set[org.springframework.boot.test.autoconfigure.actuate.metrics.MetricsExportContextCustomizerFactory$DisableMetricExportContextCustomizer@2f508f3c, org.springframework.boot.test.autoconfigure.properties.PropertyMappingContextCustomizer@0, org.springframework.boot.test.autoconfigure.web.servlet.WebDriverContextCustomizerFactory$Customizer@7a0f244f, org.springframework.boot.test.context.filter.ExcludeFilterContextCustomizer@2330e3e0, org.springframework.boot.test.json.DuplicateJsonObjectContextCustomizerFactory$DuplicateJsonObjectContextCustomizer@72725ee1, org.springframework.boot.test.mock.mockito.MockitoContextCustomizer@d93beefc], contextLoader = 'org.springframework.test.context.support.DelegatingSmartContextLoader', parent = [null]]]
03:48:46.662 [Test worker] DEBUG org.springframework.test.context.cache - Spring test ApplicationContext cache statistics: [DefaultContextCache@6af91cc8 size = 2, maxSize = 32, parentContextCount = 0, hitCount = 10, missCount = 2]
03:48:46.663 [Test worker] DEBUG org.springframework.test.context.cache.DefaultCacheAwareContextLoaderDelegate - Retrieved ApplicationContext [668637515] from cache with key [[MergedContextConfiguration@24a4e2c5 testClass = GoogleBooksControllerTest, locations = '{}', classes = '{class com.bookin.bookin.controller.GoogleBooksController}', contextInitializerClasses = '[]', activeProfiles = '{}', propertySourceLocations = '{}', propertySourceProperties = '{}', contextCustomizers = set[org.springframework.boot.test.autoconfigure.actuate.metrics.MetricsExportContextCustomizerFactory$DisableMetricExportContextCustomizer@2f508f3c, org.springframework.boot.test.autoconfigure.properties.PropertyMappingContextCustomizer@0, org.springframework.boot.test.autoconfigure.web.servlet.WebDriverContextCustomizerFactory$Customizer@7a0f244f, org.springframework.boot.test.context.filter.ExcludeFilterContextCustomizer@2330e3e0, org.springframework.boot.test.json.DuplicateJsonObjectContextCustomizerFactory$DuplicateJsonObjectContextCustomizer@72725ee1, org.springframework.boot.test.mock.mockito.MockitoContextCustomizer@d93beefc], contextLoader = 'org.springframework.test.context.support.DelegatingSmartContextLoader', parent = [null]]]
03:48:46.663 [Test worker] DEBUG org.springframework.test.context.cache - Spring test ApplicationContext cache statistics: [DefaultContextCache@6af91cc8 size = 2, maxSize = 32, parentContextCount = 0, hitCount = 11, missCount = 2]
03:48:46.663 [Test worker] DEBUG org.springframework.test.context.cache.DefaultCacheAwareContextLoaderDelegate - Retrieved ApplicationContext [668637515] from cache with key [[MergedContextConfiguration@24a4e2c5 testClass = GoogleBooksControllerTest, locations = '{}', classes = '{class com.bookin.bookin.controller.GoogleBooksController}', contextInitializerClasses = '[]', activeProfiles = '{}', propertySourceLocations = '{}', propertySourceProperties = '{}', contextCustomizers = set[org.springframework.boot.test.autoconfigure.actuate.metrics.MetricsExportContextCustomizerFactory$DisableMetricExportContextCustomizer@2f508f3c, org.springframework.boot.test.autoconfigure.properties.PropertyMappingContextCustomizer@0, org.springframework.boot.test.autoconfigure.web.servlet.WebDriverContextCustomizerFactory$Customizer@7a0f244f, org.springframework.boot.test.context.filter.ExcludeFilterContextCustomizer@2330e3e0, org.springframework.boot.test.json.DuplicateJsonObjectContextCustomizerFactory$DuplicateJsonObjectContextCustomizer@72725ee1, org.springframework.boot.test.mock.mockito.MockitoContextCustomizer@d93beefc], contextLoader = 'org.springframework.test.context.support.DelegatingSmartContextLoader', parent = [null]]]
03:48:46.663 [Test worker] DEBUG org.springframework.test.context.cache - Spring test ApplicationContext cache statistics: [DefaultContextCache@6af91cc8 size = 2, maxSize = 32, parentContextCount = 0, hitCount = 12, missCount = 2]
03:48:46.664 [Test worker] DEBUG reactor.core.publisher.Hooks - Reset onLastOperator: org.springframework.security.core.context.SecurityContext
03:48:46.665 [Test worker] DEBUG org.springframework.test.context.cache.DefaultCacheAwareContextLoaderDelegate - Retrieved ApplicationContext [668637515] from cache with key [[MergedContextConfiguration@24a4e2c5 testClass = GoogleBooksControllerTest, locations = '{}', classes = '{class com.bookin.bookin.controller.GoogleBooksController}', contextInitializerClasses = '[]', activeProfiles = '{}', propertySourceLocations = '{}', propertySourceProperties = '{}', contextCustomizers = set[org.springframework.boot.test.autoconfigure.actuate.metrics.MetricsExportContextCustomizerFactory$DisableMetricExportContextCustomizer@2f508f3c, org.springframework.boot.test.autoconfigure.properties.PropertyMappingContextCustomizer@0, org.springframework.boot.test.autoconfigure.web.servlet.WebDriverContextCustomizerFactory$Customizer@7a0f244f, org.springframework.boot.test.context.filter.ExcludeFilterContextCustomizer@2330e3e0, org.springframework.boot.test.json.DuplicateJsonObjectContextCustomizerFactory$DuplicateJsonObjectContextCustomizer@72725ee1, org.springframework.boot.test.mock.mockito.MockitoContextCustomizer@d93beefc], contextLoader = 'org.springframework.test.context.support.DelegatingSmartContextLoader', parent = [null]]]
03:48:46.665 [Test worker] DEBUG org.springframework.test.context.cache - Spring test ApplicationContext cache statistics: [DefaultContextCache@6af91cc8 size = 2, maxSize = 32, parentContextCount = 0, hitCount = 13, missCount = 2]
03:48:46.665 [Test worker] DEBUG org.springframework.test.context.support.AbstractDirtiesContextTestExecutionListener - After test method: context [DefaultTestContext@787178b1 testClass = GoogleBooksControllerTest, testInstance = com.bookin.bookin.controller.GoogleBooksControllerTest@15994b0b, testMethod = testGetgooglebooks@GoogleBooksControllerTest, testException = [null], mergedContextConfiguration = [MergedContextConfiguration@24a4e2c5 testClass = GoogleBooksControllerTest, locations = '{}', classes = '{class com.bookin.bookin.controller.GoogleBooksController}', contextInitializerClasses = '[]', activeProfiles = '{}', propertySourceLocations = '{}', propertySourceProperties = '{}', contextCustomizers = set[org.springframework.boot.test.autoconfigure.actuate.metrics.MetricsExportContextCustomizerFactory$DisableMetricExportContextCustomizer@2f508f3c, org.springframework.boot.test.autoconfigure.properties.PropertyMappingContextCustomizer@0, org.springframework.boot.test.autoconfigure.web.servlet.WebDriverContextCustomizerFactory$Customizer@7a0f244f, org.springframework.boot.test.context.filter.ExcludeFilterContextCustomizer@2330e3e0, org.springframework.boot.test.json.DuplicateJsonObjectContextCustomizerFactory$DuplicateJsonObjectContextCustomizer@72725ee1, org.springframework.boot.test.mock.mockito.MockitoContextCustomizer@d93beefc], contextLoader = 'org.springframework.test.context.support.DelegatingSmartContextLoader', parent = [null]], attributes = map['org.springframework.test.context.event.ApplicationEventsTestExecutionListener.recordApplicationEvents' -> false]], class annotated with @DirtiesContext [false] with mode [null], method annotated with @DirtiesContext [false] with mode [null].
03:48:46.666 [Test worker] DEBUG org.springframework.test.context.cache.DefaultCacheAwareContextLoaderDelegate - Retrieved ApplicationContext [668637515] from cache with key [[MergedContextConfiguration@24a4e2c5 testClass = GoogleBooksControllerTest, locations = '{}', classes = '{class com.bookin.bookin.controller.GoogleBooksController}', contextInitializerClasses = '[]', activeProfiles = '{}', propertySourceLocations = '{}', propertySourceProperties = '{}', contextCustomizers = set[org.springframework.boot.test.autoconfigure.actuate.metrics.MetricsExportContextCustomizerFactory$DisableMetricExportContextCustomizer@2f508f3c, org.springframework.boot.test.autoconfigure.properties.PropertyMappingContextCustomizer@0, org.springframework.boot.test.autoconfigure.web.servlet.WebDriverContextCustomizerFactory$Customizer@7a0f244f, org.springframework.boot.test.context.filter.ExcludeFilterContextCustomizer@2330e3e0, org.springframework.boot.test.json.DuplicateJsonObjectContextCustomizerFactory$DuplicateJsonObjectContextCustomizer@72725ee1, org.springframework.boot.test.mock.mockito.MockitoContextCustomizer@d93beefc], contextLoader = 'org.springframework.test.context.support.DelegatingSmartContextLoader', parent = [null]]]
03:48:46.666 [Test worker] DEBUG org.springframework.test.context.cache - Spring test ApplicationContext cache statistics: [DefaultContextCache@6af91cc8 size = 2, maxSize = 32, parentContextCount = 0, hitCount = 14, missCount = 2]
03:48:46.666 [Test worker] DEBUG org.springframework.test.context.support.AbstractDirtiesContextTestExecutionListener - After test class: context [DefaultTestContext@787178b1 testClass = GoogleBooksControllerTest, testInstance = [null], testMethod = [null], testException = [null], mergedContextConfiguration = [MergedContextConfiguration@24a4e2c5 testClass = GoogleBooksControllerTest, locations = '{}', classes = '{class com.bookin.bookin.controller.GoogleBooksController}', contextInitializerClasses = '[]', activeProfiles = '{}', propertySourceLocations = '{}', propertySourceProperties = '{}', contextCustomizers = set[org.springframework.boot.test.autoconfigure.actuate.metrics.MetricsExportContextCustomizerFactory$DisableMetricExportContextCustomizer@2f508f3c, org.springframework.boot.test.autoconfigure.properties.PropertyMappingContextCustomizer@0, org.springframework.boot.test.autoconfigure.web.servlet.WebDriverContextCustomizerFactory$Customizer@7a0f244f, org.springframework.boot.test.context.filter.ExcludeFilterContextCustomizer@2330e3e0, org.springframework.boot.test.json.DuplicateJsonObjectContextCustomizerFactory$DuplicateJsonObjectContextCustomizer@72725ee1, org.springframework.boot.test.mock.mockito.MockitoContextCustomizer@d93beefc], contextLoader = 'org.springframework.test.context.support.DelegatingSmartContextLoader', parent = [null]], attributes = map['org.springframework.test.context.event.ApplicationEventsTestExecutionListener.recordApplicationEvents' -> false]], class annotated with @DirtiesContext [false] with mode [null].
]]></system-out>
  <system-err><![CDATA[]]></system-err>
</testsuite>
