<?xml version="1.0" encoding="UTF-8"?>
<testsuite name="com.bookin.bookin.config.JwtConfigTest" tests="1" skipped="0" failures="0" errors="0" timestamp="2023-02-20T06:36:11" hostname="IN2771" time="1.422">
  <properties/>
  <testcase name="testPasswordEncoder()" classname="com.bookin.bookin.config.JwtConfigTest" time="1.422"/>
  <system-out><![CDATA[]]></system-out>
  <system-err><![CDATA[]]></system-err>
</testsuite>
