<?xml version="1.0" encoding="UTF-8"?>
<testsuite name="com.bookin.bookin.service.GoogleBooksServiceTest" tests="5" skipped="0" failures="0" errors="0" timestamp="2023-02-19T19:52:47" hostname="IN2771" time="0.139">
  <properties/>
  <testcase name="testGetmodifiedbooks2()" classname="com.bookin.bookin.service.GoogleBooksServiceTest" time="0.046"/>
  <testcase name="testGetmodifiedbooks3()" classname="com.bookin.bookin.service.GoogleBooksServiceTest" time="0.023"/>
  <testcase name="testGetmodifiedbooks4()" classname="com.bookin.bookin.service.GoogleBooksServiceTest" time="0.04"/>
  <testcase name="testGetmodifiedbooks()" classname="com.bookin.bookin.service.GoogleBooksServiceTest" time="0.002"/>
  <testcase name="testGetRestTemplate()" classname="com.bookin.bookin.service.GoogleBooksServiceTest" time="0.021"/>
  <system-out><![CDATA[]]></system-out>
  <system-err><![CDATA[]]></system-err>
</testsuite>
