<?xml version="1.0" encoding="UTF-8"?>
<testsuite name="com.bookin.bookin.AdminServiceTest" tests="1" skipped="0" failures="0" errors="0" timestamp="2023-02-14T12:51:43" hostname="IN2771" time="0.013">
  <properties/>
  <testcase name="test1()" classname="com.bookin.bookin.AdminServiceTest" time="0.013"/>
  <system-out><![CDATA[]]></system-out>
  <system-err><![CDATA[]]></system-err>
</testsuite>
