<?xml version="1.0" encoding="UTF-8"?>
<testsuite name="com.bookin.bookin.config.JwtConfigTest" tests="1" skipped="0" failures="0" errors="0" timestamp="2023-02-20T07:10:17" hostname="IN2771" time="0.568">
  <properties/>
  <testcase name="testPasswordEncoder()" classname="com.bookin.bookin.config.JwtConfigTest" time="0.568"/>
  <system-out><![CDATA[]]></system-out>
  <system-err><![CDATA[]]></system-err>
</testsuite>
