<?xml version="1.0" encoding="UTF-8"?>
<testsuite name="com.bookin.bookin.filter.JwtAuthenticationFilterTest" tests="2" skipped="0" failures="0" errors="0" timestamp="2023-02-15T22:18:46" hostname="IN2771" time="0.086">
  <properties/>
  <testcase name="testDoFilterInternal()" classname="com.bookin.bookin.filter.JwtAuthenticationFilterTest" time="0.017"/>
  <testcase name="testDoFilterInternal2()" classname="com.bookin.bookin.filter.JwtAuthenticationFilterTest" time="0.068"/>
  <system-out><![CDATA[Invalid Bearer Token Format!!
Invalid Bearer Token Format!!
]]></system-out>
  <system-err><![CDATA[]]></system-err>
</testsuite>
