<?xml version="1.0" encoding="UTF-8"?>
<testsuite name="com.bookin.bookin.service.AdminServiceTest" tests="3" skipped="0" failures="0" errors="0" timestamp="2023-02-19T19:52:46" hostname="IN2771" time="0.212">
  <properties/>
  <testcase name="testIncreaseBookQuantity()" classname="com.bookin.bookin.service.AdminServiceTest" time="0.091"/>
  <testcase name="testDecreaseBookQuantity()" classname="com.bookin.bookin.service.AdminServiceTest" time="0.105"/>
  <testcase name="testDeleteBook()" classname="com.bookin.bookin.service.AdminServiceTest" time="0.012"/>
  <system-out><![CDATA[]]></system-out>
  <system-err><![CDATA[]]></system-err>
</testsuite>
