<?xml version="1.0" encoding="UTF-8"?>
<testsuite name="com.bookin.bookin.controller.JwtControllerTest" tests="4" skipped="0" failures="0" errors="0" timestamp="2023-02-19T19:52:45" hostname="IN2771" time="0.365">
  <properties/>
  <testcase name="testGenerateToken()" classname="com.bookin.bookin.controller.JwtControllerTest" time="0.145"/>
  <testcase name="testRegister()" classname="com.bookin.bookin.controller.JwtControllerTest" time="0.08"/>
  <testcase name="testWelcome2()" classname="com.bookin.bookin.controller.JwtControllerTest" time="0.093"/>
  <testcase name="testWelcome()" classname="com.bookin.bookin.controller.JwtControllerTest" time="0.041"/>
  <system-out><![CDATA[01:22:45.715 [Test worker] DEBUG _org.springframework.web.servlet.HandlerMapping.Mappings - 
	c.b.b.c.JwtController:
	{GET [/welcom]}: publish(String)
	{POST [/signup]}: register(CustomUserDetails)
	{POST [/login]}: generateToken(JwtRequest)
	{ [/welcome]}: welcome()
01:22:45.717 [Test worker] DEBUG org.springframework.web.servlet.mvc.method.annotation.RequestMappingHandlerMapping - 4 mappings in org.springframework.web.servlet.mvc.method.annotation.RequestMappingHandlerMapping
01:22:45.730 [Test worker] DEBUG org.springframework.web.servlet.mvc.method.annotation.RequestMappingHandlerAdapter - ControllerAdvice beans: 0 @ModelAttribute, 0 @InitBinder, 1 RequestBodyAdvice, 1 ResponseBodyAdvice
01:22:45.734 [Test worker] DEBUG org.springframework.web.servlet.mvc.method.annotation.ExceptionHandlerExceptionResolver - ControllerAdvice beans: 0 @ExceptionHandler, 1 ResponseBodyAdvice
01:22:45.735 [Test worker] INFO org.springframework.mock.web.MockServletContext - Initializing Spring TestDispatcherServlet ''
01:22:45.735 [Test worker] INFO org.springframework.test.web.servlet.TestDispatcherServlet - Initializing Servlet ''
01:22:45.735 [Test worker] DEBUG org.springframework.test.web.servlet.TestDispatcherServlet - Detected AcceptHeaderLocaleResolver
01:22:45.735 [Test worker] DEBUG org.springframework.test.web.servlet.TestDispatcherServlet - Detected FixedThemeResolver
01:22:45.736 [Test worker] DEBUG org.springframework.test.web.servlet.TestDispatcherServlet - Detected org.springframework.web.servlet.view.DefaultRequestToViewNameTranslator@656ec00d
01:22:45.736 [Test worker] DEBUG org.springframework.test.web.servlet.TestDispatcherServlet - Detected org.springframework.web.servlet.support.SessionFlashMapManager@3b8507df
01:22:45.736 [Test worker] DEBUG org.springframework.test.web.servlet.TestDispatcherServlet - enableLoggingRequestDetails='false': request parameters and headers will be masked to prevent unsafe logging of potentially sensitive data
01:22:45.736 [Test worker] INFO org.springframework.test.web.servlet.TestDispatcherServlet - Completed initialization in 1 ms
01:22:45.736 [Test worker] DEBUG org.springframework.test.web.servlet.TestDispatcherServlet - POST "/login", parameters={}
01:22:45.737 [Test worker] DEBUG org.springframework.web.servlet.mvc.method.annotation.RequestMappingHandlerMapping - Mapped to com.bookin.bookin.controller.JwtController#generateToken(JwtRequest)
01:22:45.743 [Test worker] DEBUG org.springframework.web.servlet.mvc.method.annotation.RequestResponseBodyMethodProcessor - Read "application/json" to [com.bookin.bookin.requestmodels.JwtRequest@41bb1f09]
01:22:45.755 [Test worker] DEBUG org.springframework.web.servlet.mvc.method.annotation.HttpEntityMethodProcessor - Using 'application/json', given [*/*] and supported [application/json, application/*+json]
01:22:45.755 [Test worker] DEBUG org.springframework.web.servlet.mvc.method.annotation.HttpEntityMethodProcessor - Writing [com.bookin.bookin.requestmodels.JwtResponse@15586843]
01:22:45.768 [Test worker] DEBUG org.springframework.test.web.servlet.TestDispatcherServlet - Completed 200 OK
01:22:45.797 [Test worker] DEBUG _org.springframework.web.servlet.HandlerMapping.Mappings - 
	c.b.b.c.JwtController:
	{GET [/welcom]}: publish(String)
	{POST [/signup]}: register(CustomUserDetails)
	{POST [/login]}: generateToken(JwtRequest)
	{ [/welcome]}: welcome()
01:22:45.800 [Test worker] DEBUG org.springframework.web.servlet.mvc.method.annotation.RequestMappingHandlerMapping - 4 mappings in org.springframework.web.servlet.mvc.method.annotation.RequestMappingHandlerMapping
01:22:45.830 [Test worker] DEBUG org.springframework.web.servlet.mvc.method.annotation.RequestMappingHandlerAdapter - ControllerAdvice beans: 0 @ModelAttribute, 0 @InitBinder, 1 RequestBodyAdvice, 1 ResponseBodyAdvice
01:22:45.835 [Test worker] DEBUG org.springframework.web.servlet.mvc.method.annotation.ExceptionHandlerExceptionResolver - ControllerAdvice beans: 0 @ExceptionHandler, 1 ResponseBodyAdvice
01:22:45.836 [Test worker] INFO org.springframework.mock.web.MockServletContext - Initializing Spring TestDispatcherServlet ''
01:22:45.836 [Test worker] INFO org.springframework.test.web.servlet.TestDispatcherServlet - Initializing Servlet ''
01:22:45.836 [Test worker] DEBUG org.springframework.test.web.servlet.TestDispatcherServlet - Detected AcceptHeaderLocaleResolver
01:22:45.836 [Test worker] DEBUG org.springframework.test.web.servlet.TestDispatcherServlet - Detected FixedThemeResolver
01:22:45.837 [Test worker] DEBUG org.springframework.test.web.servlet.TestDispatcherServlet - Detected org.springframework.web.servlet.view.DefaultRequestToViewNameTranslator@6598caab
01:22:45.837 [Test worker] DEBUG org.springframework.test.web.servlet.TestDispatcherServlet - Detected org.springframework.web.servlet.support.SessionFlashMapManager@47f2c722
01:22:45.837 [Test worker] DEBUG org.springframework.test.web.servlet.TestDispatcherServlet - enableLoggingRequestDetails='false': request parameters and headers will be masked to prevent unsafe logging of potentially sensitive data
01:22:45.837 [Test worker] INFO org.springframework.test.web.servlet.TestDispatcherServlet - Completed initialization in 1 ms
01:22:45.838 [Test worker] DEBUG org.springframework.test.web.servlet.TestDispatcherServlet - POST "/signup", parameters={}
01:22:45.839 [Test worker] DEBUG org.springframework.web.servlet.mvc.method.annotation.RequestMappingHandlerMapping - Mapped to com.bookin.bookin.controller.JwtController#register(CustomUserDetails)
01:22:45.849 [Test worker] DEBUG org.springframework.web.servlet.mvc.method.annotation.RequestResponseBodyMethodProcessor - Read "application/json" to [com.bookin.bookin.util.CustomUserDetails@44fb6ebd]
01:22:45.852 [Test worker] DEBUG org.springframework.web.servlet.mvc.method.annotation.HttpEntityMethodProcessor - Using 'application/json', given [*/*] and supported [application/json, application/*+json]
01:22:45.853 [Test worker] DEBUG org.springframework.web.servlet.mvc.method.annotation.HttpEntityMethodProcessor - Writing [com.bookin.bookin.util.CustomUserDetails@5da57a64]
01:22:45.854 [Test worker] DEBUG org.springframework.test.web.servlet.TestDispatcherServlet - Completed 201 CREATED
01:22:45.865 [Test worker] DEBUG _org.springframework.web.servlet.HandlerMapping.Mappings - 
	c.b.b.c.JwtController:
	{GET [/welcom]}: publish(String)
	{POST [/signup]}: register(CustomUserDetails)
	{POST [/login]}: generateToken(JwtRequest)
	{ [/welcome]}: welcome()
01:22:45.867 [Test worker] DEBUG org.springframework.web.servlet.mvc.method.annotation.RequestMappingHandlerMapping - 4 mappings in org.springframework.web.servlet.mvc.method.annotation.RequestMappingHandlerMapping
01:22:45.876 [Test worker] DEBUG org.springframework.web.servlet.mvc.method.annotation.RequestMappingHandlerAdapter - ControllerAdvice beans: 0 @ModelAttribute, 0 @InitBinder, 1 RequestBodyAdvice, 1 ResponseBodyAdvice
01:22:45.881 [Test worker] DEBUG org.springframework.web.servlet.mvc.method.annotation.ExceptionHandlerExceptionResolver - ControllerAdvice beans: 0 @ExceptionHandler, 1 ResponseBodyAdvice
01:22:45.882 [Test worker] INFO org.springframework.mock.web.MockServletContext - Initializing Spring TestDispatcherServlet ''
01:22:45.882 [Test worker] INFO org.springframework.test.web.servlet.TestDispatcherServlet - Initializing Servlet ''
01:22:45.882 [Test worker] DEBUG org.springframework.test.web.servlet.TestDispatcherServlet - Detected AcceptHeaderLocaleResolver
01:22:45.882 [Test worker] DEBUG org.springframework.test.web.servlet.TestDispatcherServlet - Detected FixedThemeResolver
01:22:45.882 [Test worker] DEBUG org.springframework.test.web.servlet.TestDispatcherServlet - Detected org.springframework.web.servlet.view.DefaultRequestToViewNameTranslator@5103eea2
01:22:45.882 [Test worker] DEBUG org.springframework.test.web.servlet.TestDispatcherServlet - Detected org.springframework.web.servlet.support.SessionFlashMapManager@762405bf
01:22:45.883 [Test worker] DEBUG org.springframework.test.web.servlet.TestDispatcherServlet - enableLoggingRequestDetails='false': request parameters and headers will be masked to prevent unsafe logging of potentially sensitive data
01:22:45.883 [Test worker] INFO org.springframework.test.web.servlet.TestDispatcherServlet - Completed initialization in 1 ms
01:22:45.883 [Test worker] DEBUG org.springframework.test.web.servlet.TestDispatcherServlet - GET "/welcome", parameters={}
01:22:45.920 [Test worker] DEBUG org.springframework.web.util.UrlPathHelper - Could not decode request string [] with encoding 'Encoding': falling back to platform default encoding; exception message: Encoding
01:22:45.924 [Test worker] DEBUG org.springframework.web.util.UrlPathHelper - Could not decode request string [/welcome] with encoding 'Encoding': falling back to platform default encoding; exception message: Encoding
01:22:45.924 [Test worker] DEBUG org.springframework.web.servlet.mvc.method.annotation.RequestMappingHandlerMapping - Mapped to com.bookin.bookin.controller.JwtController#welcome()
01:22:45.925 [Test worker] DEBUG org.springframework.web.servlet.mvc.method.annotation.RequestResponseBodyMethodProcessor - Using 'text/plain', given [*/*] and supported [text/plain, */*, application/json, application/*+json]
01:22:45.925 [Test worker] DEBUG org.springframework.web.servlet.mvc.method.annotation.RequestResponseBodyMethodProcessor - Writing ["This is private page"]
01:22:45.931 [Test worker] DEBUG org.springframework.web.util.UrlPathHelper - Could not decode request string [welcome] with encoding 'Encoding': falling back to platform default encoding; exception message: Encoding
01:22:45.935 [Test worker] DEBUG org.springframework.web.util.UrlPathHelper - Could not decode request string [] with encoding 'Encoding': falling back to platform default encoding; exception message: Encoding
01:22:45.948 [Test worker] DEBUG org.springframework.test.web.servlet.TestDispatcherServlet - Completed 200 OK
01:22:45.962 [Test worker] DEBUG _org.springframework.web.servlet.HandlerMapping.Mappings - 
	c.b.b.c.JwtController:
	{GET [/welcom]}: publish(String)
	{POST [/signup]}: register(CustomUserDetails)
	{POST [/login]}: generateToken(JwtRequest)
	{ [/welcome]}: welcome()
01:22:45.966 [Test worker] DEBUG org.springframework.web.servlet.mvc.method.annotation.RequestMappingHandlerMapping - 4 mappings in org.springframework.web.servlet.mvc.method.annotation.RequestMappingHandlerMapping
01:22:45.982 [Test worker] DEBUG org.springframework.web.servlet.mvc.method.annotation.RequestMappingHandlerAdapter - ControllerAdvice beans: 0 @ModelAttribute, 0 @InitBinder, 1 RequestBodyAdvice, 1 ResponseBodyAdvice
01:22:45.986 [Test worker] DEBUG org.springframework.web.servlet.mvc.method.annotation.ExceptionHandlerExceptionResolver - ControllerAdvice beans: 0 @ExceptionHandler, 1 ResponseBodyAdvice
01:22:45.987 [Test worker] INFO org.springframework.mock.web.MockServletContext - Initializing Spring TestDispatcherServlet ''
01:22:45.987 [Test worker] INFO org.springframework.test.web.servlet.TestDispatcherServlet - Initializing Servlet ''
01:22:45.988 [Test worker] DEBUG org.springframework.test.web.servlet.TestDispatcherServlet - Detected AcceptHeaderLocaleResolver
01:22:45.988 [Test worker] DEBUG org.springframework.test.web.servlet.TestDispatcherServlet - Detected FixedThemeResolver
01:22:45.988 [Test worker] DEBUG org.springframework.test.web.servlet.TestDispatcherServlet - Detected org.springframework.web.servlet.view.DefaultRequestToViewNameTranslator@794c5f5e
01:22:45.988 [Test worker] DEBUG org.springframework.test.web.servlet.TestDispatcherServlet - Detected org.springframework.web.servlet.support.SessionFlashMapManager@4ab66127
01:22:45.988 [Test worker] DEBUG org.springframework.test.web.servlet.TestDispatcherServlet - enableLoggingRequestDetails='false': request parameters and headers will be masked to prevent unsafe logging of potentially sensitive data
01:22:45.988 [Test worker] INFO org.springframework.test.web.servlet.TestDispatcherServlet - Completed initialization in 1 ms
01:22:45.988 [Test worker] DEBUG org.springframework.test.web.servlet.TestDispatcherServlet - GET "/welcome", parameters={}
01:22:45.990 [Test worker] DEBUG org.springframework.web.servlet.mvc.method.annotation.RequestMappingHandlerMapping - Mapped to com.bookin.bookin.controller.JwtController#welcome()
01:22:45.991 [Test worker] DEBUG org.springframework.web.servlet.mvc.method.annotation.RequestResponseBodyMethodProcessor - Using 'text/plain', given [*/*] and supported [text/plain, */*, application/json, application/*+json]
01:22:45.992 [Test worker] DEBUG org.springframework.web.servlet.mvc.method.annotation.RequestResponseBodyMethodProcessor - Writing ["This is private page"]
01:22:45.992 [Test worker] DEBUG org.springframework.test.web.servlet.TestDispatcherServlet - Completed 200 OK
]]></system-out>
  <system-err><![CDATA[]]></system-err>
</testsuite>
