<?xml version="1.0" encoding="UTF-8"?>
<testsuite name="com.bookin.bookin.controller.JwtControllerTest" tests="4" skipped="0" failures="0" errors="0" timestamp="2023-02-20T07:10:18" hostname="IN2771" time="0.118">
  <properties/>
  <testcase name="testGenerateToken()" classname="com.bookin.bookin.controller.JwtControllerTest" time="0.053"/>
  <testcase name="testRegister()" classname="com.bookin.bookin.controller.JwtControllerTest" time="0.022"/>
  <testcase name="testWelcome2()" classname="com.bookin.bookin.controller.JwtControllerTest" time="0.026"/>
  <testcase name="testWelcome()" classname="com.bookin.bookin.controller.JwtControllerTest" time="0.015"/>
  <system-out><![CDATA[12:40:18.987 [Test worker] DEBUG _org.springframework.web.servlet.HandlerMapping.Mappings - 
	c.b.b.c.JwtController:
	{GET [/welcom]}: publish(String)
	{POST [/signup]}: register(CustomUserDetails)
	{POST [/login]}: generateToken(JwtRequest)
	{ [/welcome]}: welcome()
12:40:18.987 [Test worker] DEBUG org.springframework.web.servlet.mvc.method.annotation.RequestMappingHandlerMapping - 4 mappings in org.springframework.web.servlet.mvc.method.annotation.RequestMappingHandlerMapping
12:40:19.002 [Test worker] DEBUG org.springframework.web.servlet.mvc.method.annotation.RequestMappingHandlerAdapter - ControllerAdvice beans: 0 @ModelAttribute, 0 @InitBinder, 1 RequestBodyAdvice, 1 ResponseBodyAdvice
12:40:19.002 [Test worker] DEBUG org.springframework.web.servlet.mvc.method.annotation.ExceptionHandlerExceptionResolver - ControllerAdvice beans: 0 @ExceptionHandler, 1 ResponseBodyAdvice
12:40:19.002 [Test worker] INFO org.springframework.mock.web.MockServletContext - Initializing Spring TestDispatcherServlet ''
12:40:19.002 [Test worker] INFO org.springframework.test.web.servlet.TestDispatcherServlet - Initializing Servlet ''
12:40:19.002 [Test worker] DEBUG org.springframework.test.web.servlet.TestDispatcherServlet - Detected AcceptHeaderLocaleResolver
12:40:19.002 [Test worker] DEBUG org.springframework.test.web.servlet.TestDispatcherServlet - Detected FixedThemeResolver
12:40:19.002 [Test worker] DEBUG org.springframework.test.web.servlet.TestDispatcherServlet - Detected org.springframework.web.servlet.view.DefaultRequestToViewNameTranslator@656ec00d
12:40:19.002 [Test worker] DEBUG org.springframework.test.web.servlet.TestDispatcherServlet - Detected org.springframework.web.servlet.support.SessionFlashMapManager@3b8507df
12:40:19.002 [Test worker] DEBUG org.springframework.test.web.servlet.TestDispatcherServlet - enableLoggingRequestDetails='false': request parameters and headers will be masked to prevent unsafe logging of potentially sensitive data
12:40:19.002 [Test worker] INFO org.springframework.test.web.servlet.TestDispatcherServlet - Completed initialization in 0 ms
12:40:19.002 [Test worker] DEBUG org.springframework.test.web.servlet.TestDispatcherServlet - POST "/login", parameters={}
12:40:19.002 [Test worker] DEBUG org.springframework.web.servlet.mvc.method.annotation.RequestMappingHandlerMapping - Mapped to com.bookin.bookin.controller.JwtController#generateToken(JwtRequest)
12:40:19.002 [Test worker] DEBUG org.springframework.web.servlet.mvc.method.annotation.RequestResponseBodyMethodProcessor - Read "application/json" to [com.bookin.bookin.requestmodels.JwtRequest@41bb1f09]
12:40:19.002 [Test worker] DEBUG org.springframework.web.servlet.mvc.method.annotation.HttpEntityMethodProcessor - Using 'application/json', given [*/*] and supported [application/json, application/*+json]
12:40:19.002 [Test worker] DEBUG org.springframework.web.servlet.mvc.method.annotation.HttpEntityMethodProcessor - Writing [com.bookin.bookin.requestmodels.JwtResponse@15586843]
12:40:19.002 [Test worker] DEBUG org.springframework.test.web.servlet.TestDispatcherServlet - Completed 200 OK
12:40:19.018 [Test worker] DEBUG _org.springframework.web.servlet.HandlerMapping.Mappings - 
	c.b.b.c.JwtController:
	{GET [/welcom]}: publish(String)
	{POST [/signup]}: register(CustomUserDetails)
	{POST [/login]}: generateToken(JwtRequest)
	{ [/welcome]}: welcome()
12:40:19.018 [Test worker] DEBUG org.springframework.web.servlet.mvc.method.annotation.RequestMappingHandlerMapping - 4 mappings in org.springframework.web.servlet.mvc.method.annotation.RequestMappingHandlerMapping
12:40:19.018 [Test worker] DEBUG org.springframework.web.servlet.mvc.method.annotation.RequestMappingHandlerAdapter - ControllerAdvice beans: 0 @ModelAttribute, 0 @InitBinder, 1 RequestBodyAdvice, 1 ResponseBodyAdvice
12:40:19.034 [Test worker] DEBUG org.springframework.web.servlet.mvc.method.annotation.ExceptionHandlerExceptionResolver - ControllerAdvice beans: 0 @ExceptionHandler, 1 ResponseBodyAdvice
12:40:19.034 [Test worker] INFO org.springframework.mock.web.MockServletContext - Initializing Spring TestDispatcherServlet ''
12:40:19.034 [Test worker] INFO org.springframework.test.web.servlet.TestDispatcherServlet - Initializing Servlet ''
12:40:19.034 [Test worker] DEBUG org.springframework.test.web.servlet.TestDispatcherServlet - Detected AcceptHeaderLocaleResolver
12:40:19.034 [Test worker] DEBUG org.springframework.test.web.servlet.TestDispatcherServlet - Detected FixedThemeResolver
12:40:19.034 [Test worker] DEBUG org.springframework.test.web.servlet.TestDispatcherServlet - Detected org.springframework.web.servlet.view.DefaultRequestToViewNameTranslator@6598caab
12:40:19.034 [Test worker] DEBUG org.springframework.test.web.servlet.TestDispatcherServlet - Detected org.springframework.web.servlet.support.SessionFlashMapManager@47f2c722
12:40:19.034 [Test worker] DEBUG org.springframework.test.web.servlet.TestDispatcherServlet - enableLoggingRequestDetails='false': request parameters and headers will be masked to prevent unsafe logging of potentially sensitive data
12:40:19.034 [Test worker] INFO org.springframework.test.web.servlet.TestDispatcherServlet - Completed initialization in 0 ms
12:40:19.034 [Test worker] DEBUG org.springframework.test.web.servlet.TestDispatcherServlet - POST "/signup", parameters={}
12:40:19.034 [Test worker] DEBUG org.springframework.web.servlet.mvc.method.annotation.RequestMappingHandlerMapping - Mapped to com.bookin.bookin.controller.JwtController#register(CustomUserDetails)
12:40:19.034 [Test worker] DEBUG org.springframework.web.servlet.mvc.method.annotation.RequestResponseBodyMethodProcessor - Read "application/json" to [com.bookin.bookin.util.CustomUserDetails@44fb6ebd]
12:40:19.034 [Test worker] DEBUG org.springframework.web.servlet.mvc.method.annotation.HttpEntityMethodProcessor - Using 'application/json', given [*/*] and supported [application/json, application/*+json]
12:40:19.034 [Test worker] DEBUG org.springframework.web.servlet.mvc.method.annotation.HttpEntityMethodProcessor - Writing [com.bookin.bookin.util.CustomUserDetails@5da57a64]
12:40:19.034 [Test worker] DEBUG org.springframework.test.web.servlet.TestDispatcherServlet - Completed 201 CREATED
12:40:19.034 [Test worker] DEBUG _org.springframework.web.servlet.HandlerMapping.Mappings - 
	c.b.b.c.JwtController:
	{GET [/welcom]}: publish(String)
	{POST [/signup]}: register(CustomUserDetails)
	{POST [/login]}: generateToken(JwtRequest)
	{ [/welcome]}: welcome()
12:40:19.034 [Test worker] DEBUG org.springframework.web.servlet.mvc.method.annotation.RequestMappingHandlerMapping - 4 mappings in org.springframework.web.servlet.mvc.method.annotation.RequestMappingHandlerMapping
12:40:19.049 [Test worker] DEBUG org.springframework.web.servlet.mvc.method.annotation.RequestMappingHandlerAdapter - ControllerAdvice beans: 0 @ModelAttribute, 0 @InitBinder, 1 RequestBodyAdvice, 1 ResponseBodyAdvice
12:40:19.049 [Test worker] DEBUG org.springframework.web.servlet.mvc.method.annotation.ExceptionHandlerExceptionResolver - ControllerAdvice beans: 0 @ExceptionHandler, 1 ResponseBodyAdvice
12:40:19.049 [Test worker] INFO org.springframework.mock.web.MockServletContext - Initializing Spring TestDispatcherServlet ''
12:40:19.049 [Test worker] INFO org.springframework.test.web.servlet.TestDispatcherServlet - Initializing Servlet ''
12:40:19.049 [Test worker] DEBUG org.springframework.test.web.servlet.TestDispatcherServlet - Detected AcceptHeaderLocaleResolver
12:40:19.049 [Test worker] DEBUG org.springframework.test.web.servlet.TestDispatcherServlet - Detected FixedThemeResolver
12:40:19.049 [Test worker] DEBUG org.springframework.test.web.servlet.TestDispatcherServlet - Detected org.springframework.web.servlet.view.DefaultRequestToViewNameTranslator@5103eea2
12:40:19.049 [Test worker] DEBUG org.springframework.test.web.servlet.TestDispatcherServlet - Detected org.springframework.web.servlet.support.SessionFlashMapManager@762405bf
12:40:19.049 [Test worker] DEBUG org.springframework.test.web.servlet.TestDispatcherServlet - enableLoggingRequestDetails='false': request parameters and headers will be masked to prevent unsafe logging of potentially sensitive data
12:40:19.049 [Test worker] INFO org.springframework.test.web.servlet.TestDispatcherServlet - Completed initialization in 0 ms
12:40:19.049 [Test worker] DEBUG org.springframework.test.web.servlet.TestDispatcherServlet - GET "/welcome", parameters={}
12:40:19.049 [Test worker] DEBUG org.springframework.web.util.UrlPathHelper - Could not decode request string [] with encoding 'Encoding': falling back to platform default encoding; exception message: Encoding
12:40:19.049 [Test worker] DEBUG org.springframework.web.util.UrlPathHelper - Could not decode request string [/welcome] with encoding 'Encoding': falling back to platform default encoding; exception message: Encoding
12:40:19.049 [Test worker] DEBUG org.springframework.web.servlet.mvc.method.annotation.RequestMappingHandlerMapping - Mapped to com.bookin.bookin.controller.JwtController#welcome()
12:40:19.065 [Test worker] DEBUG org.springframework.web.servlet.mvc.method.annotation.RequestResponseBodyMethodProcessor - Using 'text/plain', given [*/*] and supported [text/plain, */*, application/json, application/*+json]
12:40:19.065 [Test worker] DEBUG org.springframework.web.servlet.mvc.method.annotation.RequestResponseBodyMethodProcessor - Writing ["This is private page"]
12:40:19.065 [Test worker] DEBUG org.springframework.web.util.UrlPathHelper - Could not decode request string [welcome] with encoding 'Encoding': falling back to platform default encoding; exception message: Encoding
12:40:19.065 [Test worker] DEBUG org.springframework.web.util.UrlPathHelper - Could not decode request string [] with encoding 'Encoding': falling back to platform default encoding; exception message: Encoding
12:40:19.065 [Test worker] DEBUG org.springframework.test.web.servlet.TestDispatcherServlet - Completed 200 OK
12:40:19.071 [Test worker] DEBUG _org.springframework.web.servlet.HandlerMapping.Mappings - 
	c.b.b.c.JwtController:
	{GET [/welcom]}: publish(String)
	{POST [/signup]}: register(CustomUserDetails)
	{POST [/login]}: generateToken(JwtRequest)
	{ [/welcome]}: welcome()
12:40:19.071 [Test worker] DEBUG org.springframework.web.servlet.mvc.method.annotation.RequestMappingHandlerMapping - 4 mappings in org.springframework.web.servlet.mvc.method.annotation.RequestMappingHandlerMapping
12:40:19.071 [Test worker] DEBUG org.springframework.web.servlet.mvc.method.annotation.RequestMappingHandlerAdapter - ControllerAdvice beans: 0 @ModelAttribute, 0 @InitBinder, 1 RequestBodyAdvice, 1 ResponseBodyAdvice
12:40:19.071 [Test worker] DEBUG org.springframework.web.servlet.mvc.method.annotation.ExceptionHandlerExceptionResolver - ControllerAdvice beans: 0 @ExceptionHandler, 1 ResponseBodyAdvice
12:40:19.071 [Test worker] INFO org.springframework.mock.web.MockServletContext - Initializing Spring TestDispatcherServlet ''
12:40:19.071 [Test worker] INFO org.springframework.test.web.servlet.TestDispatcherServlet - Initializing Servlet ''
12:40:19.071 [Test worker] DEBUG org.springframework.test.web.servlet.TestDispatcherServlet - Detected AcceptHeaderLocaleResolver
12:40:19.071 [Test worker] DEBUG org.springframework.test.web.servlet.TestDispatcherServlet - Detected FixedThemeResolver
12:40:19.071 [Test worker] DEBUG org.springframework.test.web.servlet.TestDispatcherServlet - Detected org.springframework.web.servlet.view.DefaultRequestToViewNameTranslator@794c5f5e
12:40:19.071 [Test worker] DEBUG org.springframework.test.web.servlet.TestDispatcherServlet - Detected org.springframework.web.servlet.support.SessionFlashMapManager@4ab66127
12:40:19.071 [Test worker] DEBUG org.springframework.test.web.servlet.TestDispatcherServlet - enableLoggingRequestDetails='false': request parameters and headers will be masked to prevent unsafe logging of potentially sensitive data
12:40:19.071 [Test worker] INFO org.springframework.test.web.servlet.TestDispatcherServlet - Completed initialization in 0 ms
12:40:19.071 [Test worker] DEBUG org.springframework.test.web.servlet.TestDispatcherServlet - GET "/welcome", parameters={}
12:40:19.071 [Test worker] DEBUG org.springframework.web.servlet.mvc.method.annotation.RequestMappingHandlerMapping - Mapped to com.bookin.bookin.controller.JwtController#welcome()
12:40:19.071 [Test worker] DEBUG org.springframework.web.servlet.mvc.method.annotation.RequestResponseBodyMethodProcessor - Using 'text/plain', given [*/*] and supported [text/plain, */*, application/json, application/*+json]
12:40:19.071 [Test worker] DEBUG org.springframework.web.servlet.mvc.method.annotation.RequestResponseBodyMethodProcessor - Writing ["This is private page"]
12:40:19.071 [Test worker] DEBUG org.springframework.test.web.servlet.TestDispatcherServlet - Completed 200 OK
]]></system-out>
  <system-err><![CDATA[]]></system-err>
</testsuite>
