<?xml version="1.0" encoding="UTF-8"?>
<testsuite name="com.bookin.bookin.service.AuditServiceImplTest" tests="1" skipped="0" failures="0" errors="0" timestamp="2023-02-19T19:52:46" hostname="IN2771" time="0.967">
  <properties/>
  <testcase name="testConsume()" classname="com.bookin.bookin.service.AuditServiceImplTest" time="0.967"/>
  <system-out><![CDATA[]]></system-out>
  <system-err><![CDATA[]]></system-err>
</testsuite>
