<?xml version="1.0" encoding="UTF-8"?>
<testsuite name="com.bookin.bookin.filter.JwtAuthenticationFilterTest" tests="2" skipped="0" failures="0" errors="0" timestamp="2023-02-19T19:52:46" hostname="IN2771" time="0.321">
  <properties/>
  <testcase name="testDoFilterInternal()" classname="com.bookin.bookin.filter.JwtAuthenticationFilterTest" time="0.071"/>
  <testcase name="testDoFilterInternal2()" classname="com.bookin.bookin.filter.JwtAuthenticationFilterTest" time="0.249"/>
  <system-out><![CDATA[Invalid Bearer Token Format!!
Invalid Bearer Token Format!!
]]></system-out>
  <system-err><![CDATA[]]></system-err>
</testsuite>
